::1 - - [03/Apr/2021:08:29:33 +0000] "GET /testEndPoint HTTP/1.1" 200 41
::1 - - [03/Apr/2021:17:30:48 +0000] "GET /tests/technical HTTP/1.1" 200 18
::1 - - [03/Apr/2021:17:42:33 +0000] "GET /tests/technical HTTP/1.1" - -
::1 - - [03/Apr/2021:17:43:25 +0000] "GET /tests/technical HTTP/1.1" 200 31
::1 - - [03/Apr/2021:17:43:56 +0000] "GET /tests/technical HTTP/1.1" 200 33
::1 - - [03/Apr/2021:17:44:22 +0000] "GET /tests/technical HTTP/1.1" 200 33
::1 - - [03/Apr/2021:17:44:24 +0000] "GET /tests/technical HTTP/1.1" 200 33
::1 - - [03/Apr/2021:17:44:25 +0000] "GET /tests/technical HTTP/1.1" 200 33
::1 - - [03/Apr/2021:17:46:09 +0000] "GET /tests/technical HTTP/1.1" - -
::1 - - [03/Apr/2021:17:49:31 +0000] "GET /tests/technical HTTP/1.1" 200 31
::1 - - [03/Apr/2021:17:50:01 +0000] "GET /tests/technical HTTP/1.1" 200 31
::1 - - [03/Apr/2021:17:50:02 +0000] "GET /tests/technical HTTP/1.1" 200 31
::1 - - [03/Apr/2021:17:51:18 +0000] "GET /tests/technical HTTP/1.1" 200 31
::1 - - [03/Apr/2021:17:51:20 +0000] "GET /tests/technical HTTP/1.1" 200 31
::1 - - [03/Apr/2021:17:59:04 +0000] "GET /tests/technical HTTP/1.1" 200 31
::1 - - [03/Apr/2021:17:59:05 +0000] "GET /tests/technical HTTP/1.1" 200 31
::1 - - [03/Apr/2021:17:59:08 +0000] "GET /tests/technical HTTP/1.1" 200 31
::1 - - [03/Apr/2021:18:04:37 +0000] "POST /tests/technical HTTP/1.1" - -
::1 - - [03/Apr/2021:18:05:09 +0000] "POST /tests/technical HTTP/1.1" - -
::1 - - [03/Apr/2021:18:05:38 +0000] "POST /tests/technical HTTP/1.1" - -
::1 - - [03/Apr/2021:18:06:21 +0000] "POST /tests/technical HTTP/1.1" - -
::1 - - [03/Apr/2021:18:07:04 +0000] "POST /tests/technical HTTP/1.1" 201 228
::1 - - [03/Apr/2021:18:09:26 +0000] "POST /tests/technical HTTP/1.1" 201 228
::1 - - [03/Apr/2021:18:10:41 +0000] "POST /tests/technical HTTP/1.1" 201 223
::1 - - [03/Apr/2021:18:10:51 +0000] "POST /tests/technical HTTP/1.1" 201 223
::1 - - [03/Apr/2021:18:13:46 +0000] "GET /tests/technical HTTP/1.1" 200 11432
::1 - - [03/Apr/2021:18:29:12 +0000] "GET /tests/technical HTTP/1.1" 200 11432
::1 - - [03/Apr/2021:18:29:14 +0000] "GET /tests/technical HTTP/1.1" 200 11432
::1 - - [03/Apr/2021:18:30:23 +0000] "GET /tests/technical HTTP/1.1" 200 11432
::1 - - [03/Apr/2021:18:31:08 +0000] "GET /tests/technical HTTP/1.1" 200 11432
::1 - - [03/Apr/2021:18:32:34 +0000] "GET /tests/technical HTTP/1.1" 200 11432
::1 - - [03/Apr/2021:18:32:35 +0000] "GET /tests/technical HTTP/1.1" 200 11432
::1 - - [03/Apr/2021:18:32:46 +0000] "GET /tests/technical HTTP/1.1" 200 11432
::1 - - [03/Apr/2021:18:32:47 +0000] "GET /tests/technical HTTP/1.1" 200 11432
::1 - - [03/Apr/2021:18:32:48 +0000] "GET /tests/technical HTTP/1.1" 200 11432
::1 - - [03/Apr/2021:18:32:49 +0000] "GET /tests/technical HTTP/1.1" 200 11432
::1 - - [03/Apr/2021:18:32:51 +0000] "GET /tests/technical HTTP/1.1" 200 11432
::1 - - [03/Apr/2021:18:32:52 +0000] "GET /tests/technical HTTP/1.1" 200 11432
::1 - - [03/Apr/2021:18:39:39 +0000] "GET /tests/technical HTTP/1.1" 200 11432
::1 - - [03/Apr/2021:18:40:02 +0000] "GET /tests/technical HTTP/1.1" 200 254
::1 - - [03/Apr/2021:18:40:31 +0000] "GET /tests/technical HTTP/1.1" 200 8359
::1 - - [03/Apr/2021:18:40:52 +0000] "GET /tests/technical HTTP/1.1" 200 5839
::1 - - [03/Apr/2021:18:40:57 +0000] "GET /tests/technical HTTP/1.1" 200 8347
::1 - - [03/Apr/2021:18:40:58 +0000] "GET /tests/technical HTTP/1.1" 200 3103
::1 - - [03/Apr/2021:18:42:42 +0000] "GET /tests/technical HTTP/1.1" 200 5371
::1 - - [03/Apr/2021:18:52:24 +0000] "GET /tests/technical HTTP/1.1" - -
::1 - - [03/Apr/2021:18:54:07 +0000] "GET /tests/technical HTTP/1.1" - -
::1 - - [03/Apr/2021:18:54:35 +0000] "GET /tests/technical HTTP/1.1" - -
::1 - - [03/Apr/2021:18:55:32 +0000] "GET /tests/technical HTTP/1.1" - -
::1 - - [03/Apr/2021:18:56:03 +0000] "GET /tests/technical HTTP/1.1" 200 14
::1 - - [03/Apr/2021:18:56:04 +0000] "GET /tests/technical HTTP/1.1" 200 14
::1 - - [03/Apr/2021:18:56:05 +0000] "GET /tests/technical HTTP/1.1" 200 14
::1 - - [03/Apr/2021:18:56:06 +0000] "GET /tests/technical HTTP/1.1" 200 14
::1 - - [03/Apr/2021:18:56:07 +0000] "GET /tests/technical HTTP/1.1" 200 14
::1 - - [03/Apr/2021:18:56:07 +0000] "GET /tests/technical HTTP/1.1" 200 14
::1 - - [03/Apr/2021:18:56:08 +0000] "GET /tests/technical HTTP/1.1" 200 14
::1 - - [03/Apr/2021:18:57:25 +0000] "GET /tests/technical HTTP/1.1" 200 14
::1 - - [03/Apr/2021:18:57:26 +0000] "GET /tests/technical HTTP/1.1" 200 14
::1 - - [03/Apr/2021:18:57:27 +0000] "GET /tests/technical HTTP/1.1" 200 14
::1 - - [03/Apr/2021:18:57:28 +0000] "GET /tests/technical HTTP/1.1" 200 14
::1 - - [03/Apr/2021:18:57:35 +0000] "GET /tests/technical HTTP/1.1" 200 5999
::1 - - [03/Apr/2021:18:57:36 +0000] "GET /tests/technical HTTP/1.1" 200 4287
::1 - - [03/Apr/2021:18:57:52 +0000] "GET /tests/technical HTTP/1.1" 200 5816
::1 - - [03/Apr/2021:18:57:56 +0000] "GET /tests/technical HTTP/1.1" 200 4844
::1 - - [03/Apr/2021:18:58:05 +0000] "GET /tests/technical HTTP/1.1" 200 4106
::1 - - [03/Apr/2021:19:11:12 +0000] "GET /tests/technical HTTP/1.1" 200 4230
::1 - - [03/Apr/2021:19:12:07 +0000] "GET /tests/technical HTTP/1.1" 200 6638
::1 - - [03/Apr/2021:19:13:19 +0000] "GET /tests/technical HTTP/1.1" 200 5351
::1 - - [03/Apr/2021:19:14:00 +0000] "GET /tests/technical HTTP/1.1" 200 5510
::1 - - [03/Apr/2021:19:15:10 +0000] "GET /tests/technical HTTP/1.1" 200 6143
::1 - - [03/Apr/2021:19:15:54 +0000] "GET /tests/technical HTTP/1.1" 200 5680
::1 - - [03/Apr/2021:19:17:06 +0000] "GET /tests/technical HTTP/1.1" 200 4047
::1 - - [03/Apr/2021:19:17:58 +0000] "GET /tests/technical HTTP/1.1" 200 6309
::1 - - [03/Apr/2021:19:18:10 +0000] "GET /tests/technical HTTP/1.1" 200 599
::1 - - [03/Apr/2021:19:20:12 +0000] "GET /tests/technical HTTP/1.1" 200 777
::1 - - [03/Apr/2021:19:23:02 +0000] "GET /tests/technical HTTP/1.1" 200 5247
::1 - - [03/Apr/2021:19:24:59 +0000] "GET /tests/technical HTTP/1.1" 200 4696
::1 - - [03/Apr/2021:19:25:17 +0000] "GET /tests/technical HTTP/1.1" 200 5761
::1 - - [03/Apr/2021:19:25:21 +0000] "GET /tests/technical HTTP/1.1" 200 4349
::1 - - [03/Apr/2021:19:25:37 +0000] "GET /tests/technical HTTP/1.1" 200 4789
